<?xml version="1.0" encoding="UTF-8"?>
<!-- Generated by org.testng.reporters.JUnitXMLReporter -->
<testsuite ignored="0" hostname="LAPTOP-6EUUVVQ8" failures="1" tests="1" name="Chrome" time="23.879" errors="0" timestamp="2024-11-18T19:28:09 IST">
  <testcase classname="testCases.RightSideMC_Confirmation" name="edm" time="20.996">
    <failure type="java.lang.AssertionError" message="null">
      <![CDATA[java.lang.AssertionError: null
at testCases.RightSideMC_Confirmation.edm(RightSideMC_Confirmation.java:75)
at java.base/java.util.ArrayList.forEach(ArrayList.java:1597)
... Removed 31 stack frames]]>
    </failure>
  </testcase> <!-- edm -->
</testsuite> <!-- Chrome -->
