<?xml version="1.0" encoding="UTF-8"?>
<!-- Generated by org.testng.reporters.JUnitXMLReporter -->
<testsuite ignored="0" hostname="LAPTOP-6EUUVVQ8" failures="1" tests="1" name="Chrome" time="25.583" errors="0" timestamp="2024-10-30T17:14:42 IST">
  <testcase classname="testCases.AccountRegistrationTest" name="AccountRegister" time="22.29">
    <failure type="java.lang.AssertionError" message="expected [true] but found [false]">
      <![CDATA[java.lang.AssertionError: expected [true] but found [false]
at testCases.AccountRegistrationTest.AccountRegister(AccountRegistrationTest.java:51)
at java.base/java.util.ArrayList.forEach(ArrayList.java:1597)
... Removed 33 stack frames]]>
    </failure>
  </testcase> <!-- AccountRegister -->
</testsuite> <!-- Chrome -->
