<?xml version="1.0" encoding="UTF-8"?>
<testng-results ignored="0" total="1" passed="1" failed="0" skipped="0">
  <reporter-output>
  </reporter-output>
  <suite started-at="2024-10-28T20:04:46 IST" name="Suite" finished-at="2024-10-28T20:04:49 IST" duration-ms="3008">
    <groups>
    </groups>
    <test started-at="2024-10-28T20:04:46 IST" name="Chrome" finished-at="2024-10-28T20:04:49 IST" duration-ms="3008">
      <class name="testCases.SearchProduct">
        <test-method is-config="true" signature="setup(java.lang.String,java.lang.String)[pri:0, instance:testCases.SearchProduct@1d131e1b]" started-at="2024-10-28T20:04:46 IST" name="setup" finished-at="2024-10-28T20:04:49 IST" duration-ms="2260" status="PASS">
          <params>
            <param index="0">
              <value>
                <![CDATA[Chrome]]>
              </value>
            </param>
            <param index="1">
              <value>
                <![CDATA[Windows]]>
              </value>
            </param>
          </params>
          <reporter-output>
          </reporter-output>
        </test-method> <!-- setup -->
        <test-method signature="searchTest()[pri:0, instance:testCases.SearchProduct@1d131e1b]" started-at="2024-10-28T20:04:49 IST" name="searchTest" finished-at="2024-10-28T20:04:49 IST" duration-ms="431" status="PASS">
          <reporter-output>
          </reporter-output>
        </test-method> <!-- searchTest -->
        <test-method is-config="true" signature="teardown()[pri:0, instance:testCases.SearchProduct@1d131e1b]" started-at="2024-10-28T20:04:49 IST" name="teardown" finished-at="2024-10-28T20:04:49 IST" duration-ms="151" status="PASS">
          <reporter-output>
          </reporter-output>
        </test-method> <!-- teardown -->
      </class> <!-- testCases.SearchProduct -->
    </test> <!-- Chrome -->
  </suite> <!-- Suite -->
</testng-results>
