<?xml version="1.0" encoding="UTF-8"?>
<testng-results ignored="0" total="1" passed="1" failed="0" skipped="0">
  <reporter-output>
  </reporter-output>
  <suite started-at="2024-11-18T20:09:58 IST" name="Suite" finished-at="2024-11-18T20:10:05 IST" duration-ms="6545">
    <groups>
    </groups>
    <test started-at="2024-11-18T20:09:58 IST" name="Chrome" finished-at="2024-11-18T20:10:05 IST" duration-ms="6545">
      <class name="testCases.RightSideMC_Confirmation">
        <test-method is-config="true" signature="setup(java.lang.String,java.lang.String)[pri:0, instance:testCases.RightSideMC_Confirmation@4bd1f8dd]" started-at="2024-11-18T20:09:58 IST" name="setup" finished-at="2024-11-18T20:10:01 IST" duration-ms="2206" status="PASS">
          <params>
            <param index="0">
              <value>
                <![CDATA[Chrome]]>
              </value>
            </param>
            <param index="1">
              <value>
                <![CDATA[Windows]]>
              </value>
            </param>
          </params>
          <reporter-output>
          </reporter-output>
        </test-method> <!-- setup -->
        <test-method signature="edm()[pri:0, instance:testCases.RightSideMC_Confirmation@4bd1f8dd]" started-at="2024-11-18T20:10:01 IST" name="edm" finished-at="2024-11-18T20:10:05 IST" duration-ms="3980" status="PASS">
          <reporter-output>
          </reporter-output>
        </test-method> <!-- edm -->
        <test-method is-config="true" signature="teardown()[pri:0, instance:testCases.RightSideMC_Confirmation@4bd1f8dd]" started-at="2024-11-18T20:10:05 IST" name="teardown" finished-at="2024-11-18T20:10:05 IST" duration-ms="174" status="PASS">
          <reporter-output>
          </reporter-output>
        </test-method> <!-- teardown -->
      </class> <!-- testCases.RightSideMC_Confirmation -->
    </test> <!-- Chrome -->
  </suite> <!-- Suite -->
</testng-results>
