<?xml version="1.0" encoding="UTF-8"?>
<testng-results ignored="0" total="1" passed="1" failed="0" skipped="0">
  <reporter-output>
  </reporter-output>
  <suite started-at="2024-10-31T18:25:18 IST" name="Suite" finished-at="2024-10-31T18:25:25 IST" duration-ms="7182">
    <groups>
    </groups>
    <test started-at="2024-10-31T18:25:18 IST" name="Chrome" finished-at="2024-10-31T18:25:25 IST" duration-ms="7182">
      <class name="testCases.LoginPageHeaders">
        <test-method is-config="true" signature="setup(java.lang.String,java.lang.String)[pri:0, instance:testCases.LoginPageHeaders@7096b474]" started-at="2024-10-31T18:25:18 IST" name="setup" finished-at="2024-10-31T18:25:21 IST" duration-ms="2490" status="PASS">
          <params>
            <param index="0">
              <value>
                <![CDATA[Chrome]]>
              </value>
            </param>
            <param index="1">
              <value>
                <![CDATA[Windows]]>
              </value>
            </param>
          </params>
          <reporter-output>
          </reporter-output>
        </test-method> <!-- setup -->
        <test-method signature="headers()[pri:0, instance:testCases.LoginPageHeaders@7096b474]" started-at="2024-10-31T18:25:21 IST" name="headers" finished-at="2024-10-31T18:25:25 IST" duration-ms="4271" status="PASS">
          <reporter-output>
          </reporter-output>
        </test-method> <!-- headers -->
        <test-method is-config="true" signature="teardown()[pri:0, instance:testCases.LoginPageHeaders@7096b474]" started-at="2024-10-31T18:25:25 IST" name="teardown" finished-at="2024-10-31T18:25:25 IST" duration-ms="158" status="PASS">
          <reporter-output>
          </reporter-output>
        </test-method> <!-- teardown -->
      </class> <!-- testCases.LoginPageHeaders -->
    </test> <!-- Chrome -->
  </suite> <!-- Suite -->
</testng-results>
