<?xml version="1.0" encoding="UTF-8"?>
<!-- Generated by org.testng.reporters.JUnitReportReporter -->
<testsuite hostname="LAPTOP-6EUUVVQ8" failures="0" tests="2" name="testCases.Edit_Account_Back_button" time="15.813" errors="0" timestamp="2025-01-23T21:11:10 IST" skipped="0">
  <testcase classname="testCases.Edit_Account_Back_button" name="bckbutton" time="11.428"/>
  <testcase classname="testCases.Edit_Account_Back_button" name="getMoniter" time="4.385"/>
</testsuite> <!-- testCases.Edit_Account_Back_button -->
